2025-01-02 23:21:26,454 Selenium Manager binary found at: /Users/workspace/Documents/Scrapping/env/lib/python3.9/site-packages/selenium/webdriver/common/macos/selenium-manager
2025-01-02 23:21:26,454 Executing process: /Users/workspace/Documents/Scrapping/env/lib/python3.9/site-packages/selenium/webdriver/common/macos/selenium-manager --browser chrome --debug --language-binding python --output json
2025-01-02 23:21:33,908 Sending stats to Plausible: Props { browser: "chrome", browser_version: "", os: "macos", arch: "x86_64", lang: "python", selenium_version: "4.27" }
2025-01-02 23:21:33,908 chromedriver not found in PATH
2025-01-02 23:21:33,908 chrome detected at /Applications/Google Chrome.app/Contents/MacOS/Google Chrome
2025-01-02 23:21:33,908 Running command: /Applications/Google\ Chrome.app/Contents/MacOS/Google\ Chrome --version
2025-01-02 23:21:33,908 Output: "Google Chrome 131.0.6778.205 "
2025-01-02 23:21:33,908 Detected browser: chrome 131.0.6778.205
2025-01-02 23:21:33,908 Discovering versions from https://googlechromelabs.github.io/chrome-for-testing/known-good-versions-with-downloads.json
2025-01-02 23:21:33,908 Required driver: chromedriver 131.0.6778.204
2025-01-02 23:21:33,908 Downloading chromedriver 131.0.6778.204 from https://storage.googleapis.com/chrome-for-testing-public/131.0.6778.204/mac-x64/chromedriver-mac-x64.zip
2025-01-02 23:21:33,908 Driver path: /Users/workspace/.cache/selenium/chromedriver/mac-x64/131.0.6778.204/chromedriver
2025-01-02 23:21:33,908 Browser path: /Applications/Google Chrome.app/Contents/MacOS/Google Chrome
2025-01-02 23:21:33,924 Started executable: `/Users/workspace/.cache/selenium/chromedriver/mac-x64/131.0.6778.204/chromedriver` in a child process with pid: 9604 using 0 to output -3
2025-01-02 23:21:34,774 POST http://localhost:51490/session {'capabilities': {'firstMatch': [{}], 'alwaysMatch': {'browserName': 'chrome', 'pageLoadStrategy': <PageLoadStrategy.normal: 'normal'>, 'browserVersion': None, 'goog:chromeOptions': {'extensions': [], 'binary': '/Applications/Google Chrome.app/Contents/MacOS/Google Chrome', 'args': []}}}}
2025-01-02 23:21:34,791 Starting new HTTP connection (1): localhost:51490
2025-01-02 23:21:37,891 http://localhost:51490 "POST /session HTTP/11" 200 0
2025-01-02 23:21:37,899 Remote response: status=200 | data={"value":{"capabilities":{"acceptInsecureCerts":false,"browserName":"chrome","browserVersion":"131.0.6778.205","chrome":{"chromedriverVersion":"131.0.6778.204 (52183f9e99a61056f9b78535f53d256f1516f2a0-refs/branch-heads/6778_155@{#7})","userDataDir":"/var/folders/rg/pg4rq_g14lbdyft_jz32yq980000gn/T/.org.chromium.Chromium.2VkT9J"},"fedcm:accounts":true,"goog:chromeOptions":{"debuggerAddress":"localhost:51508"},"networkConnectionEnabled":false,"pageLoadStrategy":"normal","platformName":"mac","proxy":{},"setWindowRect":true,"strictFileInteractability":false,"timeouts":{"implicit":0,"pageLoad":300000,"script":30000},"unhandledPromptBehavior":"dismiss and notify","webauthn:extension:credBlob":true,"webauthn:extension:largeBlob":true,"webauthn:extension:minPinLength":true,"webauthn:extension:prf":true,"webauthn:virtualAuthenticators":true},"sessionId":"9ef836e9c518d86123f22ad042a65cf1"}} | headers=HTTPHeaderDict({'Content-Length': '893', 'Content-Type': 'application/json; charset=utf-8', 'cache-control': 'no-cache'})
2025-01-02 23:21:37,918 Finished Request
2025-01-02 23:21:37,937 POST http://localhost:51490/session/9ef836e9c518d86123f22ad042a65cf1/url {'url': 'https://www.ebay.com/globaldeals/home/more-home-garden/'}
2025-01-02 23:21:40,092 http://localhost:51490 "POST /session/9ef836e9c518d86123f22ad042a65cf1/url HTTP/11" 200 0
2025-01-02 23:21:40,128 Remote response: status=200 | data={"value":null} | headers=HTTPHeaderDict({'Content-Length': '14', 'Content-Type': 'application/json; charset=utf-8', 'cache-control': 'no-cache'})
2025-01-02 23:21:40,128 Finished Request
2025-01-02 23:21:42,147 POST http://localhost:51490/session/9ef836e9c518d86123f22ad042a65cf1/element {'using': 'css selector', 'value': '.sections-container'}
2025-01-02 23:21:42,179 http://localhost:51490 "POST /session/9ef836e9c518d86123f22ad042a65cf1/element HTTP/11" 200 0
2025-01-02 23:21:42,199 Remote response: status=200 | data={"value":{"element-6066-11e4-a52e-4f735466cecf":"f.370CC2CE99164BC4A7721F0C9CF9F20B.d.AC87F0DB9A7A596315BDC0C282AE34AE.e.39"}} | headers=HTTPHeaderDict({'Content-Length': '126', 'Content-Type': 'application/json; charset=utf-8', 'cache-control': 'no-cache'})
2025-01-02 23:21:42,200 Finished Request
2025-01-02 23:21:42,201 POST http://localhost:51490/session/9ef836e9c518d86123f22ad042a65cf1/element/f.370CC2CE99164BC4A7721F0C9CF9F20B.d.AC87F0DB9A7A596315BDC0C282AE34AE.e.39/element {'using': 'css selector', 'value': '.no-category-dropdown'}
2025-01-02 23:21:42,241 http://localhost:51490 "POST /session/9ef836e9c518d86123f22ad042a65cf1/element/f.370CC2CE99164BC4A7721F0C9CF9F20B.d.AC87F0DB9A7A596315BDC0C282AE34AE.e.39/element HTTP/11" 200 0
2025-01-02 23:21:42,259 Remote response: status=200 | data={"value":{"element-6066-11e4-a52e-4f735466cecf":"f.370CC2CE99164BC4A7721F0C9CF9F20B.d.AC87F0DB9A7A596315BDC0C282AE34AE.e.40"}} | headers=HTTPHeaderDict({'Content-Length': '126', 'Content-Type': 'application/json; charset=utf-8', 'cache-control': 'no-cache'})
2025-01-02 23:21:42,260 Finished Request
2025-01-02 23:21:42,260 POST http://localhost:51490/session/9ef836e9c518d86123f22ad042a65cf1/element/f.370CC2CE99164BC4A7721F0C9CF9F20B.d.AC87F0DB9A7A596315BDC0C282AE34AE.e.40/element {'using': 'css selector', 'value': '.spoke-itemgrid-container'}
2025-01-02 23:21:42,302 http://localhost:51490 "POST /session/9ef836e9c518d86123f22ad042a65cf1/element/f.370CC2CE99164BC4A7721F0C9CF9F20B.d.AC87F0DB9A7A596315BDC0C282AE34AE.e.40/element HTTP/11" 200 0
2025-01-02 23:21:42,315 Remote response: status=200 | data={"value":{"element-6066-11e4-a52e-4f735466cecf":"f.370CC2CE99164BC4A7721F0C9CF9F20B.d.AC87F0DB9A7A596315BDC0C282AE34AE.e.41"}} | headers=HTTPHeaderDict({'Content-Length': '126', 'Content-Type': 'application/json; charset=utf-8', 'cache-control': 'no-cache'})
2025-01-02 23:21:42,315 Finished Request
2025-01-02 23:21:42,316 POST http://localhost:51490/session/9ef836e9c518d86123f22ad042a65cf1/element/f.370CC2CE99164BC4A7721F0C9CF9F20B.d.AC87F0DB9A7A596315BDC0C282AE34AE.e.41/element {'using': 'css selector', 'value': '[id="spokeResultSet"]'}
2025-01-02 23:21:42,355 http://localhost:51490 "POST /session/9ef836e9c518d86123f22ad042a65cf1/element/f.370CC2CE99164BC4A7721F0C9CF9F20B.d.AC87F0DB9A7A596315BDC0C282AE34AE.e.41/element HTTP/11" 200 0
2025-01-02 23:21:42,386 Remote response: status=200 | data={"value":{"element-6066-11e4-a52e-4f735466cecf":"f.370CC2CE99164BC4A7721F0C9CF9F20B.d.AC87F0DB9A7A596315BDC0C282AE34AE.e.42"}} | headers=HTTPHeaderDict({'Content-Length': '126', 'Content-Type': 'application/json; charset=utf-8', 'cache-control': 'no-cache'})
2025-01-02 23:21:42,386 Finished Request
2025-01-02 23:21:42,387 POST http://localhost:51490/session/9ef836e9c518d86123f22ad042a65cf1/element/f.370CC2CE99164BC4A7721F0C9CF9F20B.d.AC87F0DB9A7A596315BDC0C282AE34AE.e.42/element {'using': 'css selector', 'value': '.item-grid-spoke'}
2025-01-02 23:21:42,404 http://localhost:51490 "POST /session/9ef836e9c518d86123f22ad042a65cf1/element/f.370CC2CE99164BC4A7721F0C9CF9F20B.d.AC87F0DB9A7A596315BDC0C282AE34AE.e.42/element HTTP/11" 200 0
2025-01-02 23:21:42,422 Remote response: status=200 | data={"value":{"element-6066-11e4-a52e-4f735466cecf":"f.370CC2CE99164BC4A7721F0C9CF9F20B.d.AC87F0DB9A7A596315BDC0C282AE34AE.e.43"}} | headers=HTTPHeaderDict({'Content-Length': '126', 'Content-Type': 'application/json; charset=utf-8', 'cache-control': 'no-cache'})
2025-01-02 23:21:42,423 Finished Request
2025-01-02 23:21:42,423 POST http://localhost:51490/session/9ef836e9c518d86123f22ad042a65cf1/element/f.370CC2CE99164BC4A7721F0C9CF9F20B.d.AC87F0DB9A7A596315BDC0C282AE34AE.e.43/elements {'using': 'css selector', 'value': '.col'}
2025-01-02 23:21:42,446 http://localhost:51490 "POST /session/9ef836e9c518d86123f22ad042a65cf1/element/f.370CC2CE99164BC4A7721F0C9CF9F20B.d.AC87F0DB9A7A596315BDC0C282AE34AE.e.43/elements HTTP/11" 200 0
2025-01-02 23:21:42,446 Remote response: status=200 | data={"value":[{"element-6066-11e4-a52e-4f735466cecf":"f.370CC2CE99164BC4A7721F0C9CF9F20B.d.AC87F0DB9A7A596315BDC0C282AE34AE.e.44"},{"element-6066-11e4-a52e-4f735466cecf":"f.370CC2CE99164BC4A7721F0C9CF9F20B.d.AC87F0DB9A7A596315BDC0C282AE34AE.e.45"},{"element-6066-11e4-a52e-4f735466cecf":"f.370CC2CE99164BC4A7721F0C9CF9F20B.d.AC87F0DB9A7A596315BDC0C282AE34AE.e.37"},{"element-6066-11e4-a52e-4f735466cecf":"f.370CC2CE99164BC4A7721F0C9CF9F20B.d.AC87F0DB9A7A596315BDC0C282AE34AE.e.46"},{"element-6066-11e4-a52e-4f735466cecf":"f.370CC2CE99164BC4A7721F0C9CF9F20B.d.AC87F0DB9A7A596315BDC0C282AE34AE.e.47"},{"element-6066-11e4-a52e-4f735466cecf":"f.370CC2CE99164BC4A7721F0C9CF9F20B.d.AC87F0DB9A7A596315BDC0C282AE34AE.e.48"},{"element-6066-11e4-a52e-4f735466cecf":"f.370CC2CE99164BC4A7721F0C9CF9F20B.d.AC87F0DB9A7A596315BDC0C282AE34AE.e.49"},{"element-6066-11e4-a52e-4f735466cecf":"f.370CC2CE99164BC4A7721F0C9CF9F20B.d.AC87F0DB9A7A596315BDC0C282AE34AE.e.50"},{"element-6066-11e4-a52e-4f735466cecf":"f.370CC2CE99164BC4A7721F0C9CF9F20B.d.AC87F0DB9A7A596315BDC0C282AE34AE.e.51"},{"element-6066-11e4-a52e-4f735466cecf":"f.370CC2CE99164BC4A7721F0C9CF9F20B.d.AC87F0DB9A7A596315BDC0C282AE34AE.e.52"},{"element-6066-11e4-a52e-4f735466cecf":"f.370CC2CE99164BC4A7721F0C9CF9F20B.d.AC87F0DB9A7A596315BDC0C282AE34AE.e.53"},{"element-6066-11e4-a52e-4f735466cecf":"f.370CC2CE99164BC4A7721F0C9CF9F20B.d.AC87F0DB9A7A596315BDC0C282AE34AE.e.54"},{"element-6066-11e4-a52e-4f735466cecf":"f.370CC2CE99164BC4A7721F0C9CF9F20B.d.AC87F0DB9A7A596315BDC0C282AE34AE.e.55"},{"element-6066-11e4-a52e-4f735466cecf":"f.370CC2CE99164BC4A7721F0C9CF9F20B.d.AC87F0DB9A7A596315BDC0C282AE34AE.e.56"},{"element-6066-11e4-a52e-4f735466cecf":"f.370CC2CE99164BC4A7721F0C9CF9F20B.d.AC87F0DB9A7A596315BDC0C282AE34AE.e.57"},{"element-6066-11e4-a52e-4f735466cecf":"f.370CC2CE99164BC4A7721F0C9CF9F20B.d.AC87F0DB9A7A596315BDC0C282AE34AE.e.58"},{"element-6066-11e4-a52e-4f735466cecf":"f.370CC2CE99164BC4A7721F0C9CF9F20B.d.AC87F0DB9A7A596315BDC0C282AE34AE.e.59"}]} | headers=HTTPHeaderDict({'Content-Length': '2000', 'Content-Type': 'application/json; charset=utf-8', 'cache-control': 'no-cache'})
2025-01-02 23:21:42,446 Finished Request
2025-01-02 23:21:42,446 products scrap completed.
